ISim log file
Running: E:\final - clean\lab5\test_for_top_isim_beh.exe -intstyle ise -gui -tclbatch isim.cmd -wdb E:/final - clean/lab5/test_for_top_isim_beh.wdb 
ISim O.87xd (signature 0x2f00eba5)
----------------------------------------------------------------------
WARNING:Security:42 - Your software subscription period has lapsed. Your current version of Xilinx tools will continue to function, but you no longer qualify for Xilinx software updates or new releases.


----------------------------------------------------------------------
This is a Full version of ISim.
Time resolution is 1 ps
# onerror resume
# wave add /
# run 2000 ns
Simulator is doing circuit initialization process.
Finished circuit initialization process.
ISim O.87xd (signature 0x2f00eba5)
----------------------------------------------------------------------
WARNING:Security:42 - Your software subscription period has lapsed. Your current version of Xilinx tools will continue to function, but you no longer qualify for Xilinx software updates or new releases.


----------------------------------------------------------------------
This is a Full version of ISim.
# run 2000 ns
Simulator is doing circuit initialization process.
Finished circuit initialization process.
